INFO :    2023-04-20 18:26:17,818 - 数据库连接成功
INFO :    2023-04-20 18:26:37,536 - 数据库连接成功
INFO :    2023-04-20 18:26:42,669 - 数据库连接成功
INFO :    2023-04-20 18:35:04,080 - 数据库连接成功
INFO :    2023-04-20 18:36:55,992 - 数据库连接成功
INFO :    2023-04-20 18:37:28,727 - 数据库连接成功
INFO :    2023-04-20 18:37:42,361 - 数据库连接成功
INFO :    2023-04-20 18:39:37,323 - 数据库连接成功
INFO :    2023-04-20 18:41:27,967 - 数据库连接成功
INFO :    2023-04-20 18:41:55,079 - 数据库连接成功
INFO :    2023-04-20 18:42:49,814 - 数据库连接成功
INFO :    2023-04-20 18:44:44,587 - 数据库连接成功
INFO :    2023-04-20 18:46:39,429 - 数据库连接成功
INFO :    2023-04-20 18:48:05,679 - 数据库连接成功
INFO :    2023-04-20 18:48:13,356 - 数据库连接成功
INFO :    2023-04-20 18:49:10,792 - 数据库连接成功
INFO :    2023-04-20 18:49:58,353 - 数据库连接成功
INFO :    2023-04-20 18:50:29,292 - 数据库连接成功
INFO :    2023-04-20 18:50:39,366 - 数据库连接成功
INFO :    2023-04-20 18:51:55,194 - 数据库连接成功
INFO :    2023-04-20 18:51:58,577 - 数据库连接成功
INFO :    2023-04-20 18:53:02,872 - 数据库连接成功
INFO :    2023-04-20 18:54:21,025 - fastapi正在启动
INFO :    2023-04-20 18:54:21,073 - fastapi正在启动
INFO :    2023-04-20 18:54:21,081 - 数据库连接成功
INFO :    2023-04-20 18:54:29,908 - fastapi正在启动
INFO :    2023-04-20 18:54:30,071 - fastapi正在启动
INFO :    2023-04-20 18:54:30,089 - fastapi正在启动
INFO :    2023-04-20 18:54:30,092 - 数据库连接成功
INFO :    2023-04-20 18:55:19,315 - fastapi正在启动
INFO :    2023-04-20 18:55:19,315 - 数据库连接成功
INFO :    2023-04-20 18:55:50,276 - fastapi正在启动
INFO :    2023-04-20 18:55:50,276 - 数据库连接成功
INFO :    2023-04-20 18:55:57,194 - fastapi已关闭
INFO :    2023-04-20 18:55:57,681 - fastapi正在启动
INFO :    2023-04-20 18:55:57,682 - 数据库连接成功
INFO :    2023-04-20 18:56:11,060 - fastapi已关闭
INFO :    2023-04-20 18:56:11,340 - fastapi正在启动
INFO :    2023-04-20 18:56:11,340 - 数据库连接成功
INFO :    2023-04-20 18:56:37,142 - fastapi已关闭
INFO :    2023-04-20 18:56:37,349 - fastapi正在启动
INFO :    2023-04-20 18:56:37,349 - 数据库连接成功
INFO :    2023-04-20 18:59:22,211 - fastapi已关闭
INFO :    2023-04-20 18:59:22,212 - ------------
INFO :    2023-04-20 18:59:22,481 - fastapi正在启动
INFO :    2023-04-20 18:59:22,481 - 数据库连接成功
INFO :    2023-04-20 18:59:31,703 - fastapi已关闭

INFO :    2023-04-20 18:59:32,012 - fastapi正在启动a
INFO :    2023-04-20 18:59:32,012 - 数据库连接成功
INFO :    2023-04-20 18:59:41,235 - fastapi已关闭

INFO :    2023-04-20 18:59:41,483 - fastapi正在启动
INFO :    2023-04-20 18:59:41,483 - 数据库连接成功
INFO :    2023-04-20 19:01:17,571 - fastapi已关闭

INFO :    2023-04-20 19:01:17,850 - fastapi正在启动
INFO :    2023-04-20 19:01:17,850 - 数据库连接成功
INFO :    2023-04-20 19:04:06,785 - fastapi已关闭

INFO :    2023-04-20 19:04:07,042 - fastapi正在启动
INFO :    2023-04-20 19:04:07,042 - 数据库连接成功
INFO :    2023-04-20 19:08:43,857 - fastapi已关闭

INFO :    2023-04-20 19:08:44,153 - fastapi正在启动
INFO :    2023-04-20 19:08:44,153 - 数据库连接成功
INFO :    2023-04-20 19:11:58,131 - fastapi已关闭

INFO :    2023-04-20 19:17:59,674 - fastapi正在启动
INFO :    2023-04-20 19:17:59,675 - 数据库连接成功
INFO :    2023-04-20 19:18:11,249 - fastapi正在启动
INFO :    2023-04-20 19:18:11,249 - 数据库连接成功
INFO :    2023-04-20 19:20:52,146 - fastapi正在启动
INFO :    2023-04-20 19:20:52,146 - 数据库连接成功
INFO :    2023-04-20 19:21:02,370 - fastapi正在启动
INFO :    2023-04-20 19:21:02,370 - 数据库连接成功
INFO :    2023-04-20 19:21:14,426 - fastapi正在启动
INFO :    2023-04-20 19:21:14,427 - 数据库连接成功
INFO :    2023-04-20 19:21:22,382 - fastapi正在启动
INFO :    2023-04-20 19:21:22,382 - 数据库连接成功
INFO :    2023-04-20 19:24:16,793 - fastapi正在启动
INFO :    2023-04-20 19:24:16,794 - 数据库连接成功
INFO :    2023-04-20 19:24:42,250 - fastapi已关闭

INFO :    2023-04-20 19:24:43,216 - fastapi正在启动
INFO :    2023-04-20 19:24:43,216 - 数据库连接成功
ERROR :    2023-04-20 19:24:43,217 - redis连接失败: Error 61 connecting to localhost:6379. Connection refused.
INFO :    2023-04-20 19:25:11,186 - fastapi已关闭

INFO :    2023-04-20 19:25:12,019 - fastapi正在启动
INFO :    2023-04-20 19:25:12,019 - 数据库连接成功
ERROR :    2023-04-20 19:25:12,020 - redis连接失败: Error 61 connecting to localhost:6379. Connection refused.
INFO :    2023-04-20 19:25:26,110 - fastapi已关闭

INFO :    2023-04-20 19:25:27,952 - fastapi正在启动
INFO :    2023-04-20 19:25:27,952 - 数据库连接成功
ERROR :    2023-04-20 19:25:27,953 - redis连接失败: Error 61 connecting to localhost:6379. Connection refused.
INFO :    2023-04-20 19:25:43,769 - fastapi已关闭

INFO :    2023-04-20 19:25:44,915 - fastapi正在启动
INFO :    2023-04-20 19:25:44,915 - 数据库连接成功
ERROR :    2023-04-20 19:25:44,916 - redis连接失败: Error 61 connecting to localhost:6379. Connection refused.
INFO :    2023-04-20 19:26:07,622 - fastapi已关闭

INFO :    2023-04-20 19:26:08,383 - fastapi正在启动
INFO :    2023-04-20 19:26:08,383 - 数据库连接成功
ERROR :    2023-04-20 19:26:08,384 - redis连接失败: Error 61 connecting to localhost:6379. Connection refused.
INFO :    2023-04-20 19:26:30,397 - fastapi已关闭

INFO :    2023-04-20 19:26:31,226 - fastapi正在启动
INFO :    2023-04-20 19:26:31,227 - 数据库连接成功
ERROR :    2023-04-20 19:26:31,227 - qwe
ERROR :    2023-04-20 19:26:31,228 - redis连接失败: Error 61 connecting to localhost:6379. Connection refused.
INFO :    2023-04-20 19:26:51,504 - fastapi已关闭

INFO :    2023-04-20 19:26:52,514 - fastapi正在启动
INFO :    2023-04-20 19:26:52,514 - 数据库连接成功
ERROR :    2023-04-20 19:26:52,514 - qwe
ERROR :    2023-04-20 19:26:52,515 - redis连接失败: Error 61 connecting to localhost:6379. Connection refused.
INFO :    2023-04-20 19:27:18,054 - fastapi已关闭

INFO :    2023-04-20 19:27:19,036 - fastapi正在启动
INFO :    2023-04-20 19:27:19,036 - 数据库连接成功
ERROR :    2023-04-20 19:27:19,036 - qwe
ERROR :    2023-04-20 19:27:19,037 - redis连接失败: Error 61 connecting to localhost:6379. Connection refused.
INFO :    2023-04-20 19:27:38,101 - fastapi已关闭

INFO :    2023-04-20 19:27:38,936 - fastapi正在启动
INFO :    2023-04-20 19:27:38,936 - 数据库连接成功
ERROR :    2023-04-20 19:27:38,936 - qwe
ERROR :    2023-04-20 19:27:38,937 - redis连接失败: Error 61 connecting to localhost:6379. Connection refused.
INFO :    2023-04-20 19:30:16,874 - fastapi已关闭

INFO :=    2023-04-20 19:30:17,861 - fastapi正在启动
INFO :=    2023-04-20 19:30:17,861 - 数据库连接成功
ERROR :=    2023-04-20 19:30:17,861 - qwe
ERROR :=    2023-04-20 19:30:17,862 - redis连接失败: Error 61 connecting to localhost:6379. Connection refused.
INFO :=    2023-04-20 19:30:58,102 - fastapi已关闭

INFO :=    2023-04-20 19:31:01,098 - fastapi正在启动
INFO :=    2023-04-20 19:31:01,098 - 数据库连接成功
ERROR :=    2023-04-20 19:31:01,098 - qwe
ERROR :=    2023-04-20 19:31:01,099 - redis连接失败: Error 61 connecting to localhost:6379. Connection refused.
INFO :=    2023-04-20 19:31:37,177 - fastapi已关闭

INFO :    2023-04-20 19:31:37,933 - fastapi正在启动
INFO :    2023-04-20 19:31:37,933 - 数据库连接成功
ERROR :    2023-04-20 19:31:37,933 - qwe
ERROR :    2023-04-20 19:31:37,934 - redis连接失败: Error 61 connecting to localhost:6379. Connection refused.
INFO :    2023-04-20 19:31:50,307 - fastapi已关闭

INFO :    2023-04-20 19:31:51,052 - fastapi正在启动
INFO :    2023-04-20 19:31:51,052 - 数据库连接成功
ERROR :    2023-04-20 19:31:51,052 - qwe
ERROR :    2023-04-20 19:31:51,053 - redis连接失败: Error 61 connecting to localhost:6379. Connection refused.
INFO :    2023-04-20 19:32:39,903 - fastapi已关闭

INFO :    2023-04-20 19:32:41,471 - fastapi正在启动
INFO :    2023-04-20 19:32:41,471 - 数据库连接成功
ERROR :    2023-04-20 19:32:41,471 - qwe
ERROR :    2023-04-20 19:32:41,472 - redis连接失败: Error 61 connecting to localhost:6379. Connection refused.
INFO :    2023-04-20 19:33:16,280 - fastapi正在启动
INFO :    2023-04-20 19:33:16,281 - 数据库连接成功
ERROR :    2023-04-20 19:33:16,281 - qwe
ERROR :    2023-04-20 19:33:16,282 - redis连接失败: Error 61 connecting to localhost:6379. Connection refused.
INFO :    2023-04-20 19:33:34,533 - fastapi已关闭

INFO :    2023-04-20 19:33:35,396 - fastapi正在启动
INFO :    2023-04-20 19:33:35,397 - 数据库连接成功
ERROR :    2023-04-20 19:33:35,397 - redis连接失败: Error 61 connecting to localhost:6379. Connection refused.
INFO :    2023-04-20 20:12:16,044 - fastapi已关闭

INFO :    2023-04-20 21:07:19,148 - fastapi正在启动
INFO :    2023-04-20 21:07:19,149 - 数据库连接成功
INFO :    2023-04-20 21:07:48,425 - fastapi已关闭

INFO :    2023-04-20 21:07:49,343 - fastapi正在启动
INFO :    2023-04-20 21:07:49,343 - 数据库连接成功
ERROR :    2023-04-20 21:07:49,344 - redis连接失败: AUTH <password> called without any password configured for the default user. Are you sure your configuration is correct?
INFO :    2023-04-20 21:08:08,082 - fastapi已关闭

INFO :    2023-04-20 21:08:08,833 - fastapi正在启动
INFO :    2023-04-20 21:08:08,833 - 数据库连接成功
INFO :    2023-04-20 21:08:21,099 - fastapi已关闭

INFO :    2023-04-20 21:08:22,198 - fastapi正在启动
INFO :    2023-04-20 21:08:22,198 - 数据库连接成功
INFO :    2023-04-20 21:08:22,199 - redis连接成功
INFO :    2023-04-20 21:08:47,324 - fastapi已关闭

INFO :    2023-04-20 21:08:48,107 - fastapi正在启动
INFO :    2023-04-20 21:08:48,107 - 数据库连接成功
INFO :    2023-04-20 21:08:48,108 - redis连接成功
INFO :    2023-04-20 21:10:24,626 - fastapi已关闭

INFO :    2023-04-20 21:10:25,716 - fastapi正在启动
INFO :    2023-04-20 21:10:25,716 - 数据库连接成功
INFO :    2023-04-20 21:10:25,717 - redis连接成功
INFO :    2023-04-20 21:11:14,640 - fastapi已关闭

INFO :    2023-04-20 21:11:15,599 - fastapi正在启动
INFO :    2023-04-20 21:11:15,599 - 数据库连接成功
INFO :    2023-04-20 21:11:15,600 - redis连接成功
INFO :    2023-04-20 21:12:39,283 - fastapi已关闭

INFO :    2023-04-20 21:12:40,082 - fastapi正在启动
INFO :    2023-04-20 21:12:40,083 - 数据库连接成功
INFO :    2023-04-20 21:12:40,128 - redis连接成功
INFO :    2023-04-20 21:13:51,264 - fastapi已关闭

INFO :    2023-04-20 21:13:52,178 - fastapi正在启动
INFO :    2023-04-20 21:13:52,178 - 数据库连接成功
INFO :    2023-04-20 21:13:52,178 - redis连接成功
INFO :    2023-04-20 21:15:12,080 - fastapi已关闭

INFO :    2023-04-20 21:15:13,082 - fastapi正在启动
INFO :    2023-04-20 21:15:13,082 - 数据库连接成功
INFO :    2023-04-20 21:15:13,083 - redis连接成功
INFO :    2023-04-20 21:19:44,590 - fastapi已关闭

INFO :    2023-04-20 21:19:45,600 - fastapi正在启动
INFO :    2023-04-20 21:19:45,600 - 数据库连接成功
ERROR :    2023-04-20 21:19:45,612 - redis连接失败: MISCONF Redis is configured to save RDB snapshots, but it's currently unable to persist to disk. Commands that may modify the data set are disabled, because this instance is configured to report errors during writes if RDB snapshotting fails (stop-writes-on-bgsave-error option). Please check the Redis logs for details about the RDB error.
INFO :    2023-04-20 21:19:45,613 - redis连接成功
INFO :    2023-04-20 21:20:45,199 - fastapi已关闭

INFO :    2023-04-20 21:20:46,116 - fastapi正在启动
INFO :    2023-04-20 21:20:46,116 - 数据库连接成功
ERROR :    2023-04-20 21:20:46,117 - redis连接失败: MISCONF Redis is configured to save RDB snapshots, but it's currently unable to persist to disk. Commands that may modify the data set are disabled, because this instance is configured to report errors during writes if RDB snapshotting fails (stop-writes-on-bgsave-error option). Please check the Redis logs for details about the RDB error.
INFO :    2023-04-20 21:20:46,117 - redis连接成功
INFO :    2023-04-20 21:20:54,332 - fastapi已关闭

INFO :    2023-04-20 21:20:55,456 - fastapi正在启动
INFO :    2023-04-20 21:20:55,456 - 数据库连接成功
ERROR :    2023-04-20 21:20:55,457 - redis连接失败: MISCONF Redis is configured to save RDB snapshots, but it's currently unable to persist to disk. Commands that may modify the data set are disabled, because this instance is configured to report errors during writes if RDB snapshotting fails (stop-writes-on-bgsave-error option). Please check the Redis logs for details about the RDB error.
INFO :    2023-04-20 21:20:55,457 - redis连接成功
INFO :    2023-04-20 21:20:58,508 - fastapi已关闭

INFO :    2023-04-20 21:20:59,644 - fastapi正在启动
INFO :    2023-04-20 21:20:59,644 - 数据库连接成功
ERROR :    2023-04-20 21:20:59,645 - redis连接失败: MISCONF Redis is configured to save RDB snapshots, but it's currently unable to persist to disk. Commands that may modify the data set are disabled, because this instance is configured to report errors during writes if RDB snapshotting fails (stop-writes-on-bgsave-error option). Please check the Redis logs for details about the RDB error.
INFO :    2023-04-20 21:20:59,646 - redis连接成功
INFO :    2023-04-20 21:21:07,964 - fastapi已关闭

INFO :    2023-04-20 21:21:09,060 - fastapi正在启动
INFO :    2023-04-20 21:21:09,060 - 数据库连接成功
ERROR :    2023-04-20 21:21:09,061 - redis连接失败: MISCONF Redis is configured to save RDB snapshots, but it's currently unable to persist to disk. Commands that may modify the data set are disabled, because this instance is configured to report errors during writes if RDB snapshotting fails (stop-writes-on-bgsave-error option). Please check the Redis logs for details about the RDB error.
INFO :    2023-04-20 21:21:09,061 - redis连接成功
INFO :    2023-04-20 21:21:29,834 - fastapi已关闭

INFO :    2023-04-20 21:21:30,979 - fastapi正在启动
INFO :    2023-04-20 21:21:30,979 - 数据库连接成功
ERROR :    2023-04-20 21:21:30,980 - redis连接失败: MISCONF Redis is configured to save RDB snapshots, but it's currently unable to persist to disk. Commands that may modify the data set are disabled, because this instance is configured to report errors during writes if RDB snapshotting fails (stop-writes-on-bgsave-error option). Please check the Redis logs for details about the RDB error.
INFO :    2023-04-20 21:21:30,980 - redis连接成功
INFO :    2023-04-20 21:21:36,061 - fastapi已关闭

INFO :    2023-04-20 21:21:36,746 - fastapi正在启动
INFO :    2023-04-20 21:21:36,747 - 数据库连接成功
ERROR :    2023-04-20 21:21:36,747 - redis连接失败: MISCONF Redis is configured to save RDB snapshots, but it's currently unable to persist to disk. Commands that may modify the data set are disabled, because this instance is configured to report errors during writes if RDB snapshotting fails (stop-writes-on-bgsave-error option). Please check the Redis logs for details about the RDB error.
INFO :    2023-04-20 21:21:36,748 - redis连接成功
INFO :    2023-04-20 21:21:58,939 - fastapi已关闭

INFO :    2023-04-20 21:21:59,850 - fastapi正在启动
INFO :    2023-04-20 21:21:59,851 - 数据库连接成功
ERROR :    2023-04-20 21:21:59,851 - redis连接失败: MISCONF Redis is configured to save RDB snapshots, but it's currently unable to persist to disk. Commands that may modify the data set are disabled, because this instance is configured to report errors during writes if RDB snapshotting fails (stop-writes-on-bgsave-error option). Please check the Redis logs for details about the RDB error.
INFO :    2023-04-20 21:21:59,851 - redis连接成功
INFO :    2023-04-20 21:22:04,730 - fastapi已关闭

INFO :    2023-04-20 21:22:05,851 - fastapi正在启动
INFO :    2023-04-20 21:22:05,852 - 数据库连接成功
ERROR :    2023-04-20 21:22:05,852 - redis连接失败: MISCONF Redis is configured to save RDB snapshots, but it's currently unable to persist to disk. Commands that may modify the data set are disabled, because this instance is configured to report errors during writes if RDB snapshotting fails (stop-writes-on-bgsave-error option). Please check the Redis logs for details about the RDB error.
INFO :    2023-04-20 21:22:05,853 - redis连接成功
INFO :    2023-04-20 21:22:11,031 - fastapi已关闭

INFO :    2023-04-20 21:22:11,927 - fastapi正在启动
INFO :    2023-04-20 21:22:11,927 - 数据库连接成功
ERROR :    2023-04-20 21:22:11,928 - redis连接失败: MISCONF Redis is configured to save RDB snapshots, but it's currently unable to persist to disk. Commands that may modify the data set are disabled, because this instance is configured to report errors during writes if RDB snapshotting fails (stop-writes-on-bgsave-error option). Please check the Redis logs for details about the RDB error.
INFO :    2023-04-20 21:22:11,928 - redis连接成功
INFO :    2023-04-20 21:22:42,925 - fastapi已关闭

INFO :    2023-04-20 21:22:43,819 - fastapi正在启动
INFO :    2023-04-20 21:22:43,819 - 数据库连接成功
ERROR :    2023-04-20 21:22:43,820 - redis连接失败: MISCONF Redis is configured to save RDB snapshots, but it's currently unable to persist to disk. Commands that may modify the data set are disabled, because this instance is configured to report errors during writes if RDB snapshotting fails (stop-writes-on-bgsave-error option). Please check the Redis logs for details about the RDB error.
INFO :    2023-04-20 21:22:43,820 - redis连接成功
INFO :    2023-04-20 21:23:07,619 - fastapi已关闭

INFO :    2023-04-20 21:23:08,540 - fastapi正在启动
INFO :    2023-04-20 21:23:08,541 - 数据库连接成功
ERROR :    2023-04-20 21:23:08,541 - redis连接失败: MISCONF Redis is configured to save RDB snapshots, but it's currently unable to persist to disk. Commands that may modify the data set are disabled, because this instance is configured to report errors during writes if RDB snapshotting fails (stop-writes-on-bgsave-error option). Please check the Redis logs for details about the RDB error.
INFO :    2023-04-20 21:23:08,542 - redis连接成功
INFO :    2023-04-20 21:23:13,316 - fastapi已关闭

INFO :    2023-04-20 21:23:14,195 - fastapi正在启动
INFO :    2023-04-20 21:23:14,195 - 数据库连接成功
ERROR :    2023-04-20 21:23:14,196 - redis连接失败: MISCONF Redis is configured to save RDB snapshots, but it's currently unable to persist to disk. Commands that may modify the data set are disabled, because this instance is configured to report errors during writes if RDB snapshotting fails (stop-writes-on-bgsave-error option). Please check the Redis logs for details about the RDB error.
INFO :    2023-04-20 21:23:14,196 - redis连接成功
INFO :    2023-04-20 21:23:27,983 - fastapi已关闭

INFO :    2023-04-20 21:23:29,094 - fastapi正在启动
INFO :    2023-04-20 21:23:29,094 - 数据库连接成功
ERROR :    2023-04-20 21:23:29,095 - redis连接失败: MISCONF Redis is configured to save RDB snapshots, but it's currently unable to persist to disk. Commands that may modify the data set are disabled, because this instance is configured to report errors during writes if RDB snapshotting fails (stop-writes-on-bgsave-error option). Please check the Redis logs for details about the RDB error.
INFO :    2023-04-20 21:23:29,095 - redis连接成功
INFO :    2023-04-20 21:24:01,722 - fastapi已关闭

INFO :    2023-04-20 21:24:02,572 - fastapi正在启动
INFO :    2023-04-20 21:24:02,572 - 数据库连接成功
ERROR :    2023-04-20 21:24:02,573 - redis连接失败: MISCONF Redis is configured to save RDB snapshots, but it's currently unable to persist to disk. Commands that may modify the data set are disabled, because this instance is configured to report errors during writes if RDB snapshotting fails (stop-writes-on-bgsave-error option). Please check the Redis logs for details about the RDB error.
INFO :    2023-04-20 21:24:02,573 - redis连接成功
INFO :    2023-04-20 21:24:05,824 - fastapi已关闭

INFO :    2023-04-20 21:24:06,577 - fastapi正在启动
INFO :    2023-04-20 21:24:06,577 - 数据库连接成功
ERROR :    2023-04-20 21:24:06,578 - redis连接失败: MISCONF Redis is configured to save RDB snapshots, but it's currently unable to persist to disk. Commands that may modify the data set are disabled, because this instance is configured to report errors during writes if RDB snapshotting fails (stop-writes-on-bgsave-error option). Please check the Redis logs for details about the RDB error.
INFO :    2023-04-20 21:24:06,578 - redis连接成功
INFO :    2023-04-20 21:24:22,389 - fastapi已关闭

INFO :    2023-04-20 21:24:23,260 - fastapi正在启动
INFO :    2023-04-20 21:24:23,260 - 数据库连接成功
ERROR :    2023-04-20 21:24:23,261 - redis连接失败: MISCONF Redis is configured to save RDB snapshots, but it's currently unable to persist to disk. Commands that may modify the data set are disabled, because this instance is configured to report errors during writes if RDB snapshotting fails (stop-writes-on-bgsave-error option). Please check the Redis logs for details about the RDB error.
INFO :    2023-04-20 21:24:23,261 - redis连接成功
INFO :    2023-04-20 21:24:42,818 - fastapi已关闭

INFO :    2023-04-20 21:24:43,623 - fastapi正在启动
INFO :    2023-04-20 21:24:43,623 - 数据库连接成功
ERROR :    2023-04-20 21:24:43,624 - redis连接失败: MISCONF Redis is configured to save RDB snapshots, but it's currently unable to persist to disk. Commands that may modify the data set are disabled, because this instance is configured to report errors during writes if RDB snapshotting fails (stop-writes-on-bgsave-error option). Please check the Redis logs for details about the RDB error.
INFO :    2023-04-20 21:24:43,624 - redis连接成功
INFO :    2023-04-20 21:25:19,188 - fastapi已关闭

INFO :    2023-04-20 21:25:20,050 - fastapi正在启动
INFO :    2023-04-20 21:25:20,050 - 数据库连接成功
ERROR :    2023-04-20 21:25:20,051 - redis连接失败: MISCONF Redis is configured to save RDB snapshots, but it's currently unable to persist to disk. Commands that may modify the data set are disabled, because this instance is configured to report errors during writes if RDB snapshotting fails (stop-writes-on-bgsave-error option). Please check the Redis logs for details about the RDB error.
INFO :    2023-04-20 21:25:20,051 - redis连接成功
INFO :    2023-04-20 21:27:27,617 - fastapi已关闭

INFO :    2023-04-20 21:32:27,886 - fastapi正在启动
INFO :    2023-04-20 21:32:27,887 - 数据库连接成功
ERROR :    2023-04-20 21:32:27,887 - redis连接失败: MISCONF Redis is configured to save RDB snapshots, but it's currently unable to persist to disk. Commands that may modify the data set are disabled, because this instance is configured to report errors during writes if RDB snapshotting fails (stop-writes-on-bgsave-error option). Please check the Redis logs for details about the RDB error.
INFO :    2023-04-20 21:32:27,888 - redis连接成功
INFO :    2023-04-20 21:32:33,056 - fastapi已关闭

INFO :    2023-04-20 21:32:33,545 - fastapi正在启动
INFO :    2023-04-20 21:32:33,545 - 数据库连接成功
ERROR :    2023-04-20 21:32:33,546 - redis连接失败: MISCONF Redis is configured to save RDB snapshots, but it's currently unable to persist to disk. Commands that may modify the data set are disabled, because this instance is configured to report errors during writes if RDB snapshotting fails (stop-writes-on-bgsave-error option). Please check the Redis logs for details about the RDB error.
INFO :    2023-04-20 21:32:33,546 - redis连接成功
INFO :    2023-04-20 21:32:46,501 - fastapi已关闭

INFO :    2023-04-20 21:42:02,919 - fastapi正在启动
INFO :    2023-04-20 21:42:02,920 - 数据库连接成功
ERROR :    2023-04-20 21:42:02,931 - redis连接失败: MISCONF Redis is configured to save RDB snapshots, but it's currently unable to persist to disk. Commands that may modify the data set are disabled, because this instance is configured to report errors during writes if RDB snapshotting fails (stop-writes-on-bgsave-error option). Please check the Redis logs for details about the RDB error.
INFO :    2023-04-20 21:42:02,932 - redis连接成功
INFO :    2023-04-20 21:42:12,172 - fastapi已关闭

INFO :    2023-04-20 21:42:14,113 - fastapi正在启动
INFO :    2023-04-20 21:42:14,113 - 数据库连接成功
ERROR :    2023-04-20 21:42:14,114 - redis连接失败: MISCONF Redis is configured to save RDB snapshots, but it's currently unable to persist to disk. Commands that may modify the data set are disabled, because this instance is configured to report errors during writes if RDB snapshotting fails (stop-writes-on-bgsave-error option). Please check the Redis logs for details about the RDB error.
INFO :    2023-04-20 21:42:14,114 - redis连接成功
INFO :    2023-04-20 21:43:52,498 - fastapi已关闭

INFO :    2023-04-20 21:43:54,205 - fastapi正在启动
INFO :    2023-04-20 21:43:54,206 - 数据库连接成功
ERROR :    2023-04-20 21:43:54,206 - redis连接失败: Error 61 connecting to 127.0.0.1:6379. Connection refused.
INFO :    2023-04-20 21:43:54,206 - redis连接成功
INFO :    2023-04-20 21:44:04,452 - fastapi已关闭

INFO :    2023-04-20 21:44:06,159 - fastapi正在启动
INFO :    2023-04-20 21:44:06,159 - 数据库连接成功
INFO :    2023-04-20 21:44:06,160 - redis连接成功
INFO :    2023-04-20 21:46:34,903 - fastapi已关闭

INFO :    2023-04-20 21:46:35,824 - fastapi正在启动
INFO :    2023-04-20 21:46:35,825 - 数据库连接成功
INFO :    2023-04-20 21:46:35,837 - redis连接成功
INFO :    2023-04-20 21:47:09,684 - fastapi已关闭

INFO :    2023-04-20 21:47:10,536 - fastapi正在启动
INFO :    2023-04-20 21:47:10,536 - 数据库连接成功
INFO :    2023-04-20 21:47:10,537 - redis连接成功
INFO :    2023-04-20 21:53:02,914 - fastapi已关闭

INFO :    2023-04-20 21:58:28,888 - fastapi正在启动
INFO :    2023-04-20 21:58:28,888 - 数据库连接成功
INFO :    2023-04-20 21:58:28,889 - redis连接成功
INFO :    2023-04-20 21:58:49,478 - fastapi已关闭

INFO :    2023-04-20 21:58:51,270 - fastapi正在启动
INFO :    2023-04-20 21:58:51,271 - 数据库连接成功
INFO :    2023-04-20 21:58:51,271 - redis连接成功
INFO :    2023-04-20 21:58:54,832 - fastapi已关闭

INFO :    2023-04-20 21:58:55,782 - fastapi正在启动
INFO :    2023-04-20 21:58:55,783 - 数据库连接成功
INFO :    2023-04-20 21:58:55,783 - redis连接成功
INFO :    2023-04-20 21:59:00,158 - fastapi已关闭

INFO :    2023-04-20 21:59:00,931 - fastapi正在启动
INFO :    2023-04-20 21:59:00,931 - 数据库连接成功
INFO :    2023-04-20 21:59:00,932 - redis连接成功
INFO :    2023-04-20 22:03:08,400 - fastapi已关闭

INFO :    2023-04-20 22:23:09,006 - fastapi正在启动
INFO :    2023-04-20 22:23:09,006 - 数据库连接成功
INFO :    2023-04-20 22:23:09,007 - redis连接成功
INFO :    2023-04-20 22:23:26,256 - fastapi已关闭

INFO :    2023-04-20 22:26:46,001 - fastapi正在启动
INFO :    2023-04-20 22:26:46,002 - 数据库连接成功
INFO :    2023-04-20 22:26:46,002 - redis连接成功
INFO :    2023-04-20 22:28:43,338 - fastapi已关闭

INFO :    2023-04-20 22:34:16,000 - fastapi正在启动
INFO :    2023-04-20 22:34:16,001 - 数据库连接成功
INFO :    2023-04-20 22:34:16,002 - redis连接成功
INFO :    2023-04-20 22:35:21,863 - fastapi已关闭

INFO :    2023-04-20 22:35:22,640 - fastapi正在启动
INFO :    2023-04-20 22:35:22,640 - 数据库连接成功
INFO :    2023-04-20 22:35:22,641 - redis连接成功
INFO :    2023-04-20 22:35:37,035 - fastapi已关闭

INFO :    2023-04-20 22:35:38,140 - fastapi正在启动
INFO :    2023-04-20 22:35:38,141 - 数据库连接成功
INFO :    2023-04-20 22:35:38,141 - redis连接成功
INFO :    2023-04-20 22:36:03,679 - fastapi已关闭

INFO :    2023-04-20 22:36:04,676 - fastapi正在启动
INFO :    2023-04-20 22:36:04,676 - 数据库连接成功
INFO :    2023-04-20 22:36:04,677 - redis连接成功
INFO :    2023-04-20 22:44:26,754 - fastapi已关闭

INFO :    2023-04-20 22:44:27,775 - fastapi正在启动
INFO :    2023-04-20 22:44:27,776 - 数据库连接成功
ERROR :    2023-04-20 22:44:27,777 - redis连接失败: MISCONF Redis is configured to save RDB snapshots, but it's currently unable to persist to disk. Commands that may modify the data set are disabled, because this instance is configured to report errors during writes if RDB snapshotting fails (stop-writes-on-bgsave-error option). Please check the Redis logs for details about the RDB error.
INFO :    2023-04-20 22:44:57,467 - fastapi已关闭

INFO :    2023-04-20 22:44:59,351 - fastapi正在启动
INFO :    2023-04-20 22:44:59,352 - 数据库连接成功
ERROR :    2023-04-20 22:44:59,352 - redis连接失败: MISCONF Redis is configured to save RDB snapshots, but it's currently unable to persist to disk. Commands that may modify the data set are disabled, because this instance is configured to report errors during writes if RDB snapshotting fails (stop-writes-on-bgsave-error option). Please check the Redis logs for details about the RDB error.
INFO :    2023-04-20 22:45:17,686 - fastapi已关闭

INFO :    2023-04-20 22:45:20,034 - fastapi正在启动
INFO :    2023-04-20 22:45:20,034 - 数据库连接成功
ERROR :    2023-04-20 22:45:20,034 - redis连接失败: Error 61 connecting to 127.0.0.1:6379. Connection refused.
INFO :    2023-04-20 22:45:32,094 - fastapi已关闭

INFO :    2023-04-20 22:45:33,081 - fastapi正在启动
INFO :    2023-04-20 22:45:33,081 - 数据库连接成功
ERROR :    2023-04-20 22:45:33,082 - redis连接失败: Error 61 connecting to 127.0.0.1:6379. Connection refused.
INFO :    2023-04-20 22:55:57,787 - fastapi已关闭

INFO :    2023-04-20 22:55:58,938 - fastapi正在启动
INFO :    2023-04-20 22:55:58,938 - 数据库连接成功
ERROR :    2023-04-20 22:55:58,939 - redis连接失败: Error 61 connecting to 127.0.0.1:6379. Connection refused.
INFO :    2023-04-20 22:57:42,205 - fastapi已关闭

INFO :    2023-04-20 22:57:43,120 - fastapi正在启动
INFO :    2023-04-20 22:57:43,120 - 数据库连接成功
ERROR :    2023-04-20 22:57:43,121 - redis连接失败: Error 61 connecting to 127.0.0.1:6379. Connection refused.
INFO :    2023-04-20 22:58:52,153 - fastapi已关闭

INFO :    2023-04-20 22:58:53,037 - fastapi正在启动
INFO :    2023-04-20 22:58:53,037 - 数据库连接成功
ERROR :    2023-04-20 22:58:53,038 - redis连接失败: Error 61 connecting to 127.0.0.1:6379. Connection refused.
INFO :    2023-04-20 22:59:19,783 - fastapi已关闭

INFO :    2023-04-20 22:59:20,661 - fastapi正在启动
INFO :    2023-04-20 22:59:20,662 - 数据库连接成功
ERROR :    2023-04-20 22:59:20,662 - redis连接失败: Error 61 connecting to 127.0.0.1:6379. Connection refused.
INFO :    2023-04-20 22:59:48,504 - fastapi已关闭

INFO :    2023-04-20 22:59:49,354 - fastapi正在启动
INFO :    2023-04-20 22:59:49,354 - 数据库连接成功
ERROR :    2023-04-20 22:59:49,356 - redis连接失败: Error 61 connecting to 127.0.0.1:6379. Connection refused.
INFO :    2023-04-20 23:00:26,955 - fastapi已关闭

INFO :    2023-04-20 23:00:27,939 - fastapi正在启动
INFO :    2023-04-20 23:00:27,939 - 数据库连接成功
ERROR :    2023-04-20 23:00:27,940 - redis连接失败: Error 61 connecting to 127.0.0.1:6379. Connection refused.
INFO :    2023-04-20 23:01:08,232 - fastapi已关闭

INFO :    2023-04-20 23:01:44,298 - fastapi正在启动
INFO :    2023-04-20 23:01:44,298 - 数据库连接成功
ERROR :    2023-04-20 23:01:44,299 - redis连接失败: Error 61 connecting to 127.0.0.1:6379. Connection refused.
INFO :    2023-04-20 23:03:29,134 - fastapi已关闭

INFO :    2023-04-20 23:03:29,971 - fastapi正在启动
INFO :    2023-04-20 23:03:29,971 - 数据库连接成功
ERROR :    2023-04-20 23:03:29,972 - redis连接失败: Error 61 connecting to 127.0.0.1:6379. Connection refused.
INFO :    2023-04-20 23:05:56,848 - fastapi已关闭

INFO :    2023-04-20 23:07:44,273 - fastapi正在启动
INFO :    2023-04-20 23:07:44,274 - 数据库连接成功
ERROR :    2023-04-20 23:07:44,274 - redis连接失败: Error 61 connecting to 127.0.0.1:6379. Connection refused.
