ERROR:    2023-04-20 19:24:43,217 - redis.py:55行 - redis连接失败: Error 61 connecting to localhost:6379. Connection refused.
ERROR:   2023-04-20 19:25:12,020 - redis.py:55行 - redis连接失败: Error 61 connecting to localhost:6379. Connection refused.
ERROR:   2023-04-20 19:25:27,953 - redis.py:55行 - redis连接失败: Error 61 connecting to localhost:6379. Connection refused.
ERROR:  = 2023-04-20 19:25:44,916 - redis.py:55行 - redis连接失败: Error 61 connecting to localhost:6379. Connection refused.
ERROR:   2023-04-20 19:26:08,384 - redis.py:55行 - redis连接失败: Error 61 connecting to localhost:6379. Connection refused.
ERROR:   2023-04-20 19:26:31,227 - server.py:48行 - qwe
ERROR:   2023-04-20 19:26:31,228 - redis.py:55行 - redis连接失败: Error 61 connecting to localhost:6379. Connection refused.
ERROR:  09 2023-04-20 19:26:52,514 - server.py:48行 - qwe
ERROR:  09 2023-04-20 19:26:52,515 - redis.py:55行 - redis连接失败: Error 61 connecting to localhost:6379. Connection refused.
ERROR:   2023-04-20 19:27:19,036 - server.pyaa:48行 - qwe
ERROR:   2023-04-20 19:27:19,037 - redis.pyaa:55行 - redis连接失败: Error 61 connecting to localhost:6379. Connection refused.
ERROR:   2023-04-20 19:27:38,936 - server.py:48行 - qwe
ERROR:   2023-04-20 19:27:38,937 - redis.py:55行 - redis连接失败: Error 61 connecting to localhost:6379. Connection refused.
ERROR:   2023-04-20 19:30:17,861 - server.py:48行 - qwe
ERROR:   2023-04-20 19:30:17,862 - redis.py:55行 - redis连接失败: Error 61 connecting to localhost:6379. Connection refused.
ERROR:   2023-04-20 19:31:01,098 - server.py:48行 - qwe
ERROR:   2023-04-20 19:31:01,099 - redis.py:55行 - redis连接失败: Error 61 connecting to localhost:6379. Connection refused.
ERROR:=   2023-04-20 19:31:37,933 - server.py:48行 - qwe
ERROR:=   2023-04-20 19:31:37,934 - redis.py:55行 - redis连接失败: Error 61 connecting to localhost:6379. Connection refused.
ERROR:   2023-04-20 19:31:51,052 - server.py:48行 - qwe
ERROR:   2023-04-20 19:31:51,053 - redis.py:55行 - redis连接失败: Error 61 connecting to localhost:6379. Connection refused.
ERROR:   2023-04-20 19:32:41,471 - server.py:48行 - qwe
ERROR:   2023-04-20 19:32:41,472 - redis.py:55行 - redis连接失败: Error 61 connecting to localhost:6379. Connection refused.
ERROR:   2023-04-20 19:33:16,281 - server.py:48行 - qwe
ERROR:   2023-04-20 19:33:16,282 - redis.py:54行 - redis连接失败: Error 61 connecting to localhost:6379. Connection refused.
ERROR:   2023-04-20 19:33:35,397 - redis.py:54行 - redis连接失败: Error 61 connecting to localhost:6379. Connection refused.
ERROR:   2023-04-20 21:07:49,344 - redis.py:54行 - redis连接失败: AUTH <password> called without any password configured for the default user. Are you sure your configuration is correct?
ERROR:   2023-04-20 21:19:45,612 - redis.py:54行 - redis连接失败: MISCONF Redis is configured to save RDB snapshots, but it's currently unable to persist to disk. Commands that may modify the data set are disabled, because this instance is configured to report errors during writes if RDB snapshotting fails (stop-writes-on-bgsave-error option). Please check the Redis logs for details about the RDB error.
ERROR:   2023-04-20 21:20:46,117 - redis.py:54行 - redis连接失败: MISCONF Redis is configured to save RDB snapshots, but it's currently unable to persist to disk. Commands that may modify the data set are disabled, because this instance is configured to report errors during writes if RDB snapshotting fails (stop-writes-on-bgsave-error option). Please check the Redis logs for details about the RDB error.
ERROR:   2023-04-20 21:20:55,457 - redis.py:54行 - redis连接失败: MISCONF Redis is configured to save RDB snapshots, but it's currently unable to persist to disk. Commands that may modify the data set are disabled, because this instance is configured to report errors during writes if RDB snapshotting fails (stop-writes-on-bgsave-error option). Please check the Redis logs for details about the RDB error.
ERROR:   2023-04-20 21:20:59,645 - redis.py:54行 - redis连接失败: MISCONF Redis is configured to save RDB snapshots, but it's currently unable to persist to disk. Commands that may modify the data set are disabled, because this instance is configured to report errors during writes if RDB snapshotting fails (stop-writes-on-bgsave-error option). Please check the Redis logs for details about the RDB error.
ERROR:   2023-04-20 21:21:09,061 - redis.py:54行 - redis连接失败: MISCONF Redis is configured to save RDB snapshots, but it's currently unable to persist to disk. Commands that may modify the data set are disabled, because this instance is configured to report errors during writes if RDB snapshotting fails (stop-writes-on-bgsave-error option). Please check the Redis logs for details about the RDB error.
ERROR:   2023-04-20 21:21:30,980 - redis.py:54行 - redis连接失败: MISCONF Redis is configured to save RDB snapshots, but it's currently unable to persist to disk. Commands that may modify the data set are disabled, because this instance is configured to report errors during writes if RDB snapshotting fails (stop-writes-on-bgsave-error option). Please check the Redis logs for details about the RDB error.
ERROR:   2023-04-20 21:21:36,747 - redis.py:54行 - redis连接失败: MISCONF Redis is configured to save RDB snapshots, but it's currently unable to persist to disk. Commands that may modify the data set are disabled, because this instance is configured to report errors during writes if RDB snapshotting fails (stop-writes-on-bgsave-error option). Please check the Redis logs for details about the RDB error.
ERROR:   2023-04-20 21:21:59,851 - redis.py:54行 - redis连接失败: MISCONF Redis is configured to save RDB snapshots, but it's currently unable to persist to disk. Commands that may modify the data set are disabled, because this instance is configured to report errors during writes if RDB snapshotting fails (stop-writes-on-bgsave-error option). Please check the Redis logs for details about the RDB error.
ERROR:   2023-04-20 21:22:05,852 - redis.py:54行 - redis连接失败: MISCONF Redis is configured to save RDB snapshots, but it's currently unable to persist to disk. Commands that may modify the data set are disabled, because this instance is configured to report errors during writes if RDB snapshotting fails (stop-writes-on-bgsave-error option). Please check the Redis logs for details about the RDB error.
ERROR:   2023-04-20 21:22:11,928 - redis.py:54行 - redis连接失败: MISCONF Redis is configured to save RDB snapshots, but it's currently unable to persist to disk. Commands that may modify the data set are disabled, because this instance is configured to report errors during writes if RDB snapshotting fails (stop-writes-on-bgsave-error option). Please check the Redis logs for details about the RDB error.
ERROR:   2023-04-20 21:22:43,820 - redis.py:54行 - redis连接失败: MISCONF Redis is configured to save RDB snapshots, but it's currently unable to persist to disk. Commands that may modify the data set are disabled, because this instance is configured to report errors during writes if RDB snapshotting fails (stop-writes-on-bgsave-error option). Please check the Redis logs for details about the RDB error.
ERROR:   2023-04-20 21:23:08,541 - redis.py:54行 - redis连接失败: MISCONF Redis is configured to save RDB snapshots, but it's currently unable to persist to disk. Commands that may modify the data set are disabled, because this instance is configured to report errors during writes if RDB snapshotting fails (stop-writes-on-bgsave-error option). Please check the Redis logs for details about the RDB error.
ERROR:   2023-04-20 21:23:14,196 - redis.py:54行 - redis连接失败: MISCONF Redis is configured to save RDB snapshots, but it's currently unable to persist to disk. Commands that may modify the data set are disabled, because this instance is configured to report errors during writes if RDB snapshotting fails (stop-writes-on-bgsave-error option). Please check the Redis logs for details about the RDB error.
ERROR:   2023-04-20 21:23:29,095 - redis.py:54行 - redis连接失败: MISCONF Redis is configured to save RDB snapshots, but it's currently unable to persist to disk. Commands that may modify the data set are disabled, because this instance is configured to report errors during writes if RDB snapshotting fails (stop-writes-on-bgsave-error option). Please check the Redis logs for details about the RDB error.
ERROR:   2023-04-20 21:24:02,573 - redis.py:54行 - redis连接失败: MISCONF Redis is configured to save RDB snapshots, but it's currently unable to persist to disk. Commands that may modify the data set are disabled, because this instance is configured to report errors during writes if RDB snapshotting fails (stop-writes-on-bgsave-error option). Please check the Redis logs for details about the RDB error.
ERROR:   2023-04-20 21:24:06,578 - redis.py:54行 - redis连接失败: MISCONF Redis is configured to save RDB snapshots, but it's currently unable to persist to disk. Commands that may modify the data set are disabled, because this instance is configured to report errors during writes if RDB snapshotting fails (stop-writes-on-bgsave-error option). Please check the Redis logs for details about the RDB error.
ERROR:   2023-04-20 21:24:23,261 - redis.py:54行 - redis连接失败: MISCONF Redis is configured to save RDB snapshots, but it's currently unable to persist to disk. Commands that may modify the data set are disabled, because this instance is configured to report errors during writes if RDB snapshotting fails (stop-writes-on-bgsave-error option). Please check the Redis logs for details about the RDB error.
ERROR:   2023-04-20 21:24:43,624 - redis.py:54行 - redis连接失败: MISCONF Redis is configured to save RDB snapshots, but it's currently unable to persist to disk. Commands that may modify the data set are disabled, because this instance is configured to report errors during writes if RDB snapshotting fails (stop-writes-on-bgsave-error option). Please check the Redis logs for details about the RDB error.
ERROR:   2023-04-20 21:25:20,051 - redis.py:54行 - redis连接失败: MISCONF Redis is configured to save RDB snapshots, but it's currently unable to persist to disk. Commands that may modify the data set are disabled, because this instance is configured to report errors during writes if RDB snapshotting fails (stop-writes-on-bgsave-error option). Please check the Redis logs for details about the RDB error.
ERROR:   2023-04-20 21:32:27,887 - redis.py:54行 - redis连接失败: MISCONF Redis is configured to save RDB snapshots, but it's currently unable to persist to disk. Commands that may modify the data set are disabled, because this instance is configured to report errors during writes if RDB snapshotting fails (stop-writes-on-bgsave-error option). Please check the Redis logs for details about the RDB error.
ERROR:   2023-04-20 21:32:33,546 - redis.py:54行 - redis连接失败: MISCONF Redis is configured to save RDB snapshots, but it's currently unable to persist to disk. Commands that may modify the data set are disabled, because this instance is configured to report errors during writes if RDB snapshotting fails (stop-writes-on-bgsave-error option). Please check the Redis logs for details about the RDB error.
ERROR:   2023-04-20 21:42:02,931 - redis.py:54行 - redis连接失败: MISCONF Redis is configured to save RDB snapshots, but it's currently unable to persist to disk. Commands that may modify the data set are disabled, because this instance is configured to report errors during writes if RDB snapshotting fails (stop-writes-on-bgsave-error option). Please check the Redis logs for details about the RDB error.
ERROR:   2023-04-20 21:42:14,114 - redis.py:54行 - redis连接失败: MISCONF Redis is configured to save RDB snapshots, but it's currently unable to persist to disk. Commands that may modify the data set are disabled, because this instance is configured to report errors during writes if RDB snapshotting fails (stop-writes-on-bgsave-error option). Please check the Redis logs for details about the RDB error.
ERROR:   2023-04-20 21:43:54,206 - redis.py:54行 - redis连接失败: Error 61 connecting to 127.0.0.1:6379. Connection refused.
ERROR:   2023-04-20 22:44:27,777 - redis.py:55行 - redis连接失败: MISCONF Redis is configured to save RDB snapshots, but it's currently unable to persist to disk. Commands that may modify the data set are disabled, because this instance is configured to report errors during writes if RDB snapshotting fails (stop-writes-on-bgsave-error option). Please check the Redis logs for details about the RDB error.
ERROR:   2023-04-20 22:44:59,352 - redis.py:55行 - redis连接失败: MISCONF Redis is configured to save RDB snapshots, but it's currently unable to persist to disk. Commands that may modify the data set are disabled, because this instance is configured to report errors during writes if RDB snapshotting fails (stop-writes-on-bgsave-error option). Please check the Redis logs for details about the RDB error.
ERROR:   2023-04-20 22:45:20,034 - redis.py:55行 - redis连接失败: Error 61 connecting to 127.0.0.1:6379. Connection refused.
ERROR:   2023-04-20 22:45:33,082 - redis.py:55行 - redis连接失败: Error 61 connecting to 127.0.0.1:6379. Connection refused.
ERROR:   2023-04-20 22:55:58,939 - redis.py:55行 - redis连接失败: Error 61 connecting to 127.0.0.1:6379. Connection refused.
ERROR:   2023-04-20 22:57:43,121 - redis.py:55行 - redis连接失败: Error 61 connecting to 127.0.0.1:6379. Connection refused.
ERROR:   2023-04-20 22:58:53,038 - redis.py:55行 - redis连接失败: Error 61 connecting to 127.0.0.1:6379. Connection refused.
ERROR:   2023-04-20 22:59:20,662 - redis.py:55行 - redis连接失败: Error 61 connecting to 127.0.0.1:6379. Connection refused.
ERROR:   2023-04-20 22:59:49,356 - redis.py:55行 - redis连接失败: Error 61 connecting to 127.0.0.1:6379. Connection refused.
ERROR:   2023-04-20 23:00:27,940 - redis.py:55行 - redis连接失败: Error 61 connecting to 127.0.0.1:6379. Connection refused.
ERROR:   2023-04-20 23:01:44,299 - redis.py:55行 - redis连接失败: Error 61 connecting to 127.0.0.1:6379. Connection refused.
ERROR:   2023-04-20 23:03:29,972 - redis.py:55行 - redis连接失败: Error 61 connecting to 127.0.0.1:6379. Connection refused.
ERROR:   2023-04-20 23:07:44,274 - redis.py:55行 - redis连接失败: Error 61 connecting to 127.0.0.1:6379. Connection refused.
